#
# There is insufficient memory for the Java Runtime Environment to continue.
# Native memory allocation (malloc) failed to allocate 683056 bytes for Chunk::new
# Possible reasons:
#   The system is out of physical RAM or swap space
#   The process is running with CompressedOops enabled, and the Java Heap may be blocking the growth of the native heap
# Possible solutions:
#   Reduce memory load on the system
#   Increase physical memory or swap space
#   Check if swap backing store is full
#   Decrease Java heap size (-Xmx/-Xms)
#   Decrease number of Java threads
#   Decrease Java thread stack sizes (-Xss)
#   Set larger code cache with -XX:ReservedCodeCacheSize=
#   JVM is running with Unscaled Compressed Oops mode in which the Java heap is
#     placed in the first 4GB address space. The Java Heap base address is the
#     maximum limit for the native heap growth. Please use -XX:HeapBaseMinAddress
#     to set the Java Heap base and to place the Java Heap above 4GB virtual address.
# This output file may be truncated or incomplete.
#
#  Out of Memory Error (./src/hotspot/share/memory/arena.cpp:197), pid=11340, tid=9516
#
# JRE version: OpenJDK Runtime Environment Temurin-11.0.16+8 (11.0.16+8) (build 11.0.16+8)
# Java VM: OpenJDK 64-Bit Server VM Temurin-11.0.16+8 (11.0.16+8, mixed mode, tiered, compressed oops, g1 gc, windows-amd64)
# No core dump will be written. Minidumps are not enabled by default on client versions of Windows
#

---------------  S U M M A R Y ------------

Command Line: -Dmaven.multiModuleProjectDirectory=D:\IdeaProjects\string massive -Dmaven.home=C:\Program Files\JetBrains\IntelliJ IDEA Community Edition 2022.2.1\plugins\maven\lib\maven3 -Dclassworlds.conf=C:\Program Files\JetBrains\IntelliJ IDEA Community Edition 2022.2.1\plugins\maven\lib\maven3\bin\m2.conf -Dmaven.ext.class.path=C:\Program Files\JetBrains\IntelliJ IDEA Community Edition 2022.2.1\plugins\maven\lib\maven-event-listener.jar -javaagent:C:\Program Files\JetBrains\IntelliJ IDEA Community Edition 2022.2.1\lib\idea_rt.jar=57043:C:\Program Files\JetBrains\IntelliJ IDEA Community Edition 2022.2.1\bin -Dfile.encoding=UTF-8 org.codehaus.classworlds.Launcher -Didea.version=2022.2.1 clean test

Host: Intel(R) Core(TM) i3-5005U CPU @ 2.00GHz, 4 cores, 5G,  Windows 10 , 64 bit Build 19041 (10.0.19041.1889)
Time: Tue Oct 25 21:42:36 2022 RTZ 4 (s 10 , 64 bit Build 19041 (10.0.19041.1889) elapsed time: 6.770811 seconds (0d 0h 0m 6s)

---------------  T H R E A D  ---------------

Current thread (0x00000271b8273000):  JavaThread "C2 CompilerThread0" daemon [_thread_in_native, id=9516, stack(0x000000e769a00000,0x000000e769b00000)]


Current CompileTask:
C2:   6770 3731       4       jdk.internal.module.SystemModuleFinders$SystemModuleReader::findImageLocation (42 bytes)

Stack: [0x000000e769a00000,0x000000e769b00000]
Native frames: (J=compiled Java code, j=interpreted, Vv=VM code, C=native code)
V  [jvm.dll+0x61f1da]
V  [jvm.dll+0x7abc69]
V  [jvm.dll+0x7ad358]
V  [jvm.dll+0x7ada33]
V  [jvm.dll+0x24fb08]
V  [jvm.dll+0xc262c]
V  [jvm.dll+0xc2bec]
V  [jvm.dll+0x2c1984]
V  [jvm.dll+0x52e16c]
V  [jvm.dll+0x21104b]
V  [jvm.dll+0x20ac44]
V  [jvm.dll+0x207ddb]
V  [jvm.dll+0x18a3a1]
V  [jvm.dll+0x2177b4]
V  [jvm.dll+0x2159fb]
V  [jvm.dll+0x76e6a0]
V  [jvm.dll+0x7675d4]
V  [jvm.dll+0x61e045]
C  [ucrtbase.dll+0x21bb2]
C  [KERNEL32.DLL+0x17034]
C  [ntdll.dll+0x526a1]


---------------  P R O C E S S  ---------------

Threads class SMR info:
_java_thread_list=0x00000271b9310270, length=12, elements={
0x000002719adef000, 0x00000271b8262000, 0x00000271b826b800, 0x00000271b826e000,
0x00000271b826f000, 0x00000271b8270000, 0x00000271b8273000, 0x00000271b828a000,
0x00000271b82bb000, 0x00000271b8d69000, 0x00000271b8ee5000, 0x00000271b931a800
}

Java Threads: ( => current thread )
  0x000002719adef000 JavaThread "main" [_thread_blocked, id=4124, stack(0x000000e768e00000,0x000000e768f00000)]
  0x00000271b8262000 JavaThread "Reference Handler" daemon [_thread_blocked, id=2784, stack(0x000000e769500000,0x000000e769600000)]
  0x00000271b826b800 JavaThread "Finalizer" daemon [_thread_blocked, id=10572, stack(0x000000e769600000,0x000000e769700000)]
  0x00000271b826e000 JavaThread "Signal Dispatcher" daemon [_thread_blocked, id=8300, stack(0x000000e769700000,0x000000e769800000)]
  0x00000271b826f000 JavaThread "Attach Listener" daemon [_thread_blocked, id=2440, stack(0x000000e769800000,0x000000e769900000)]
  0x00000271b8270000 JavaThread "Service Thread" daemon [_thread_blocked, id=8724, stack(0x000000e769900000,0x000000e769a00000)]
=>0x00000271b8273000 JavaThread "C2 CompilerThread0" daemon [_thread_in_native, id=9516, stack(0x000000e769a00000,0x000000e769b00000)]
  0x00000271b828a000 JavaThread "C1 CompilerThread0" daemon [_thread_blocked, id=2780, stack(0x000000e769b00000,0x000000e769c00000)]
  0x00000271b82bb000 JavaThread "Sweeper thread" daemon [_thread_blocked, id=3032, stack(0x000000e769c00000,0x000000e769d00000)]
  0x00000271b8d69000 JavaThread "Common-Cleaner" daemon [_thread_blocked, id=3460, stack(0x000000e769d00000,0x000000e769e00000)]
  0x00000271b8ee5000 JavaThread "Monitor Ctrl-Break" daemon [_thread_in_native, id=3512, stack(0x000000e769f00000,0x000000e76a000000)]
  0x00000271b931a800 JavaThread "C2 CompilerThread1" daemon [_thread_in_native, id=4752, stack(0x000000e769e00000,0x000000e769f00000)]

Other Threads:
  0x00000271b822b800 VMThread "VM Thread" [stack: 0x000000e769400000,0x000000e769500000] [id=12048]
  0x00000271b8eea000 WatcherThread [stack: 0x000000e76a000000,0x000000e76a100000] [id=500]
  0x000002719ae08000 GCTaskThread "GC Thread#0" [stack: 0x000000e768f00000,0x000000e769000000] [id=5868]
  0x00000271b90e3000 GCTaskThread "GC Thread#1" [stack: 0x000000e76a100000,0x000000e76a200000] [id=9656]
  0x000002719ae2a000 ConcurrentGCThread "G1 Main Marker" [stack: 0x000000e769000000,0x000000e769100000] [id=5756]
  0x000002719ae2b800 ConcurrentGCThread "G1 Conc#0" [stack: 0x000000e769100000,0x000000e769200000] [id=10228]
  0x000002719aea0000 ConcurrentGCThread "G1 Refine#0" [stack: 0x000000e769200000,0x000000e769300000] [id=10716]
  0x000002719aea2000 ConcurrentGCThread "G1 Young RemSet Sampling" [stack: 0x000000e769300000,0x000000e769400000] [id=10596]

Threads with active compile tasks:
C2 CompilerThread0     6890 3731       4       jdk.internal.module.SystemModuleFinders$SystemModuleReader::findImageLocation (42 bytes)
C2 CompilerThread1     6891 3770  s    4       jdk.internal.jimage.BasicImageReader::findLocation (115 bytes)

VM state:at safepoint (normal execution)

VM Mutex/Monitor currently owned by a thread:  ([mutex/lock_event])
[0x000002719adebe00] Threads_lock - owner thread: 0x00000271b822b800
[0x000002719adeb110] Heap_lock - owner thread: 0x000002719adef000

Heap address: 0x00000000a1800000, size: 1512 MB, Compressed Oops mode: 32-bit
Narrow klass base: 0x0000000000000000, Narrow klass shift: 3
Compressed class space size: 1073741824 Address: 0x0000000100000000

Heap:
 garbage-first heap   total 118784K, used 11419K [0x00000000a1800000, 0x0000000100000000)
  region size 1024K, 5 young (5120K), 5 survivors (5120K)
 Metaspace       used 29608K, capacity 30107K, committed 30256K, reserved 1085440K
  class space    used 3168K, capacity 3338K, committed 3456K, reserved 1048576K
Heap Regions: E=young(eden), S=young(survivor), O=old, HS=humongous(starts), HC=humongous(continues), CS=collection set, F=free, A=archive, TAMS=top-at-mark-start (previous, next)
|   0|0x00000000a1800000, 0x00000000a1900000, 0x00000000a1900000|100%| O|  |TAMS 0x00000000a1900000, 0x00000000a1900000| Untracked 
|   1|0x00000000a1900000, 0x00000000a1a00000, 0x00000000a1a00000|100%| O|  |TAMS 0x00000000a1a00000, 0x00000000a1a00000| Untracked 
|   2|0x00000000a1a00000, 0x00000000a1b00000, 0x00000000a1b00000|100%| O|  |TAMS 0x00000000a1b00000, 0x00000000a1b00000| Untracked 
|   3|0x00000000a1b00000, 0x00000000a1c00000, 0x00000000a1c00000|100%| O|  |TAMS 0x00000000a1b67200, 0x00000000a1c00000| Untracked 
|   4|0x00000000a1c00000, 0x00000000a1d00000, 0x00000000a1d00000|100%| O|  |TAMS 0x00000000a1c00000, 0x00000000a1d00000| Untracked 
|   5|0x00000000a1d00000, 0x00000000a1e00000, 0x00000000a1e00000|100%| O|  |TAMS 0x00000000a1d00000, 0x00000000a1e00000| Untracked 
|   6|0x00000000a1e00000, 0x00000000a1e39a00, 0x00000000a1f00000| 22%| O|  |TAMS 0x00000000a1e00000, 0x00000000a1e39a00| Untracked 
|   7|0x00000000a1f00000, 0x00000000a1f00000, 0x00000000a2000000|  0%| F|  |TAMS 0x00000000a1f00000, 0x00000000a1f00000| Untracked 
|   8|0x00000000a2000000, 0x00000000a2000000, 0x00000000a2100000|  0%| F|  |TAMS 0x00000000a2000000, 0x00000000a2000000| Untracked 
|   9|0x00000000a2100000, 0x00000000a2100000, 0x00000000a2200000|  0%| F|  |TAMS 0x00000000a2100000, 0x00000000a2100000| Untracked 
|  10|0x00000000a2200000, 0x00000000a2200000, 0x00000000a2300000|  0%| F|  |TAMS 0x00000000a2200000, 0x00000000a2200000| Untracked 
|  11|0x00000000a2300000, 0x00000000a2300000, 0x00000000a2400000|  0%| F|  |TAMS 0x00000000a2300000, 0x00000000a2300000| Untracked 
|  12|0x00000000a2400000, 0x00000000a2400000, 0x00000000a2500000|  0%| F|  |TAMS 0x00000000a2400000, 0x00000000a2400000| Untracked 
|  13|0x00000000a2500000, 0x00000000a2500000, 0x00000000a2600000|  0%| F|  |TAMS 0x00000000a2500000, 0x00000000a2500000| Untracked 
|  14|0x00000000a2600000, 0x00000000a2600000, 0x00000000a2700000|  0%| F|  |TAMS 0x00000000a2600000, 0x00000000a2600000| Untracked 
|  15|0x00000000a2700000, 0x00000000a2700000, 0x00000000a2800000|  0%| F|  |TAMS 0x00000000a2700000, 0x00000000a2700000| Untracked 
|  16|0x00000000a2800000, 0x00000000a2800000, 0x00000000a2900000|  0%| F|  |TAMS 0x00000000a2800000, 0x00000000a2800000| Untracked 
|  17|0x00000000a2900000, 0x00000000a2900000, 0x00000000a2a00000|  0%| F|  |TAMS 0x00000000a2900000, 0x00000000a2900000| Untracked 
|  18|0x00000000a2a00000, 0x00000000a2a00000, 0x00000000a2b00000|  0%| F|  |TAMS 0x00000000a2a00000, 0x00000000a2a00000| Untracked 
|  19|0x00000000a2b00000, 0x00000000a2b00000, 0x00000000a2c00000|  0%| F|  |TAMS 0x00000000a2b00000, 0x00000000a2b00000| Untracked 
|  20|0x00000000a2c00000, 0x00000000a2c00000, 0x00000000a2d00000|  0%| F|  |TAMS 0x00000000a2c00000, 0x00000000a2c00000| Untracked 
|  21|0x00000000a2d00000, 0x00000000a2d00000, 0x00000000a2e00000|  0%| F|  |TAMS 0x00000000a2d00000, 0x00000000a2d00000| Untracked 
|  22|0x00000000a2e00000, 0x00000000a2e00000, 0x00000000a2f00000|  0%| F|  |TAMS 0x00000000a2e00000, 0x00000000a2e00000| Untracked 
|  23|0x00000000a2f00000, 0x00000000a2f00000, 0x00000000a3000000|  0%| F|  |TAMS 0x00000000a2f00000, 0x00000000a2f00000| Untracked 
|  24|0x00000000a3000000, 0x00000000a3000000, 0x00000000a3100000|  0%| F|  |TAMS 0x00000000a3000000, 0x00000000a3000000| Untracked 
|  25|0x00000000a3100000, 0x00000000a3100000, 0x00000000a3200000|  0%| F|  |TAMS 0x00000000a3100000, 0x00000000a3100000| Untracked 
|  26|0x00000000a3200000, 0x00000000a3200000, 0x00000000a3300000|  0%| F|  |TAMS 0x00000000a3200000, 0x00000000a3200000| Untracked 
|  27|0x00000000a3300000, 0x00000000a3300000, 0x00000000a3400000|  0%| F|  |TAMS 0x00000000a3300000, 0x00000000a3300000| Untracked 
|  28|0x00000000a3400000, 0x00000000a3400000, 0x00000000a3500000|  0%| F|  |TAMS 0x00000000a3400000, 0x00000000a3400000| Untracked 
|  29|0x00000000a3500000, 0x00000000a3500000, 0x00000000a3600000|  0%| F|  |TAMS 0x00000000a3500000, 0x00000000a3500000| Untracked 
|  30|0x00000000a3600000, 0x00000000a3600000, 0x00000000a3700000|  0%| F|  |TAMS 0x00000000a3600000, 0x00000000a3600000| Untracked 
|  31|0x00000000a3700000, 0x00000000a3700000, 0x00000000a3800000|  0%| F|  |TAMS 0x00000000a3700000, 0x00000000a3700000| Untracked 
|  32|0x00000000a3800000, 0x00000000a3800000, 0x00000000a3900000|  0%| F|  |TAMS 0x00000000a3800000, 0x00000000a3800000| Untracked 
|  33|0x00000000a3900000, 0x00000000a3900000, 0x00000000a3a00000|  0%| F|  |TAMS 0x00000000a3900000, 0x00000000a3900000| Untracked 
|  34|0x00000000a3a00000, 0x00000000a3a00000, 0x00000000a3b00000|  0%| F|  |TAMS 0x00000000a3a00000, 0x00000000a3a00000| Untracked 
|  35|0x00000000a3b00000, 0x00000000a3b00000, 0x00000000a3c00000|  0%| F|  |TAMS 0x00000000a3b00000, 0x00000000a3b00000| Untracked 
|  36|0x00000000a3c00000, 0x00000000a3c00000, 0x00000000a3d00000|  0%| F|  |TAMS 0x00000000a3c00000, 0x00000000a3c00000| Untracked 
|  37|0x00000000a3d00000, 0x00000000a3d00000, 0x00000000a3e00000|  0%| F|  |TAMS 0x00000000a3d00000, 0x00000000a3d00000| Untracked 
|  38|0x00000000a3e00000, 0x00000000a3e00000, 0x00000000a3f00000|  0%| F|  |TAMS 0x00000000a3e00000, 0x00000000a3e00000| Untracked 
|  39|0x00000000a3f00000, 0x00000000a3f00000, 0x00000000a4000000|  0%| F|  |TAMS 0x00000000a3f00000, 0x00000000a3f00000| Untracked 
|  40|0x00000000a4000000, 0x00000000a4000000, 0x00000000a4100000|  0%| F|  |TAMS 0x00000000a4000000, 0x00000000a4000000| Untracked 
|  41|0x00000000a4100000, 0x00000000a4100000, 0x00000000a4200000|  0%| F|  |TAMS 0x00000000a4100000, 0x00000000a4100000| Untracked 
|  42|0x00000000a4200000, 0x00000000a4200000, 0x00000000a4300000|  0%| F|  |TAMS 0x00000000a4200000, 0x00000000a4200000| Untracked 
|  43|0x00000000a4300000, 0x00000000a4300000, 0x00000000a4400000|  0%| F|  |TAMS 0x00000000a4300000, 0x00000000a4300000| Untracked 
|  44|0x00000000a4400000, 0x00000000a4400000, 0x00000000a4500000|  0%| F|  |TAMS 0x00000000a4400000, 0x00000000a4400000| Untracked 
|  45|0x00000000a4500000, 0x00000000a4500000, 0x00000000a4600000|  0%| F|  |TAMS 0x00000000a4500000, 0x00000000a4500000| Untracked 
|  46|0x00000000a4600000, 0x00000000a4600000, 0x00000000a4700000|  0%| F|  |TAMS 0x00000000a4600000, 0x00000000a4600000| Untracked 
|  47|0x00000000a4700000, 0x00000000a4700000, 0x00000000a4800000|  0%| F|  |TAMS 0x00000000a4700000, 0x00000000a4700000| Untracked 
|  48|0x00000000a4800000, 0x00000000a4800000, 0x00000000a4900000|  0%| F|  |TAMS 0x00000000a4800000, 0x00000000a4800000| Untracked 
|  49|0x00000000a4900000, 0x00000000a4900000, 0x00000000a4a00000|  0%| F|  |TAMS 0x00000000a4900000, 0x00000000a4900000| Untracked 
|  50|0x00000000a4a00000, 0x00000000a4a00000, 0x00000000a4b00000|  0%| F|  |TAMS 0x00000000a4a00000, 0x00000000a4a00000| Untracked 
|  51|0x00000000a4b00000, 0x00000000a4b00000, 0x00000000a4c00000|  0%| F|  |TAMS 0x00000000a4b00000, 0x00000000a4b00000| Untracked 
|  52|0x00000000a4c00000, 0x00000000a4c00000, 0x00000000a4d00000|  0%| F|  |TAMS 0x00000000a4c00000, 0x00000000a4c00000| Untracked 
|  53|0x00000000a4d00000, 0x00000000a4d00000, 0x00000000a4e00000|  0%| F|  |TAMS 0x00000000a4d00000, 0x00000000a4d00000| Untracked 
|  54|0x00000000a4e00000, 0x00000000a4e00000, 0x00000000a4f00000|  0%| F|  |TAMS 0x00000000a4e00000, 0x00000000a4e00000| Untracked 
|  55|0x00000000a4f00000, 0x00000000a4f00000, 0x00000000a5000000|  0%| F|  |TAMS 0x00000000a4f00000, 0x00000000a4f00000| Untracked 
|  56|0x00000000a5000000, 0x00000000a5000000, 0x00000000a5100000|  0%| F|  |TAMS 0x00000000a5000000, 0x00000000a5000000| Untracked 
|  57|0x00000000a5100000, 0x00000000a5100000, 0x00000000a5200000|  0%| F|  |TAMS 0x00000000a5100000, 0x00000000a5100000| Untracked 
|  58|0x00000000a5200000, 0x00000000a5200000, 0x00000000a5300000|  0%| F|  |TAMS 0x00000000a5200000, 0x00000000a5200000| Untracked 
|  59|0x00000000a5300000, 0x00000000a5300000, 0x00000000a5400000|  0%| F|  |TAMS 0x00000000a5300000, 0x00000000a5300000| Untracked 
|  60|0x00000000a5400000, 0x00000000a5400000, 0x00000000a5500000|  0%| F|  |TAMS 0x00000000a5400000, 0x00000000a5400000| Untracked 
|  61|0x00000000a5500000, 0x00000000a5500000, 0x00000000a5600000|  0%| F|  |TAMS 0x00000000a5500000, 0x00000000a5500000| Untracked 
|  62|0x00000000a5600000, 0x00000000a5600000, 0x00000000a5700000|  0%| F|  |TAMS 0x00000000a5600000, 0x00000000a5600000| Untracked 
|  63|0x00000000a5700000, 0x00000000a5700000, 0x00000000a5800000|  0%| F|  |TAMS 0x00000000a5700000, 0x00000000a5700000| Untracked 
|  64|0x00000000a5800000, 0x00000000a5800000, 0x00000000a5900000|  0%| F|  |TAMS 0x00000000a5800000, 0x00000000a5800000| Untracked 
|  65|0x00000000a5900000, 0x00000000a5900000, 0x00000000a5a00000|  0%| F|  |TAMS 0x00000000a5900000, 0x00000000a5900000| Untracked 
|  66|0x00000000a5a00000, 0x00000000a5a00000, 0x00000000a5b00000|  0%| F|  |TAMS 0x00000000a5a00000, 0x00000000a5a00000| Untracked 
|  67|0x00000000a5b00000, 0x00000000a5b00000, 0x00000000a5c00000|  0%| F|  |TAMS 0x00000000a5b00000, 0x00000000a5b00000| Untracked 
|  68|0x00000000a5c00000, 0x00000000a5c00000, 0x00000000a5d00000|  0%| F|  |TAMS 0x00000000a5c00000, 0x00000000a5c00000| Untracked 
|  69|0x00000000a5d00000, 0x00000000a5d00000, 0x00000000a5e00000|  0%| F|  |TAMS 0x00000000a5d00000, 0x00000000a5d00000| Untracked 
|  70|0x00000000a5e00000, 0x00000000a5e00000, 0x00000000a5f00000|  0%| F|  |TAMS 0x00000000a5e00000, 0x00000000a5e00000| Untracked 
|  71|0x00000000a5f00000, 0x00000000a5f00000, 0x00000000a6000000|  0%| F|  |TAMS 0x00000000a5f00000, 0x00000000a5f00000| Untracked 
|  72|0x00000000a6000000, 0x00000000a6000000, 0x00000000a6100000|  0%| F|  |TAMS 0x00000000a6000000, 0x00000000a6000000| Untracked 
|  73|0x00000000a6100000, 0x00000000a6100000, 0x00000000a6200000|  0%| F|  |TAMS 0x00000000a6100000, 0x00000000a6100000| Untracked 
|  74|0x00000000a6200000, 0x00000000a6200000, 0x00000000a6300000|  0%| F|  |TAMS 0x00000000a6200000, 0x00000000a6200000| Untracked 
|  75|0x00000000a6300000, 0x00000000a6300000, 0x00000000a6400000|  0%| F|  |TAMS 0x00000000a6300000, 0x00000000a6300000| Untracked 
|  76|0x00000000a6400000, 0x00000000a64ed3e0, 0x00000000a6500000| 92%| S|CS|TAMS 0x00000000a6400000, 0x00000000a6400000| Complete 
|  77|0x00000000a6500000, 0x00000000a6600000, 0x00000000a6600000|100%| S|CS|TAMS 0x00000000a6500000, 0x00000000a6500000| Complete 
|  78|0x00000000a6600000, 0x00000000a6700000, 0x00000000a6700000|100%| S|CS|TAMS 0x00000000a6600000, 0x00000000a6600000| Complete 
|  79|0x00000000a6700000, 0x00000000a6800000, 0x00000000a6800000|100%| S|CS|TAMS 0x00000000a6700000, 0x00000000a6700000| Complete 
|  80|0x00000000a6800000, 0x00000000a6900000, 0x00000000a6900000|100%| S|CS|TAMS 0x00000000a6800000, 0x00000000a6800000| Complete 
|  81|0x00000000a6900000, 0x00000000a6900000, 0x00000000a6a00000|  0%| F|  |TAMS 0x00000000a6900000, 0x00000000a6900000| Untracked 
|  82|0x00000000a6a00000, 0x00000000a6a00000, 0x00000000a6b00000|  0%| F|  |TAMS 0x00000000a6a00000, 0x00000000a6a00000| Untracked 
|  83|0x00000000a6b00000, 0x00000000a6b00000, 0x00000000a6c00000|  0%| F|  |TAMS 0x00000000a6b00000, 0x00000000a6b00000| Untracked 
|  84|0x00000000a6c00000, 0x00000000a6c00000, 0x00000000a6d00000|  0%| F|  |TAMS 0x00000000a6c00000, 0x00000000a6c00000| Untracked 
|  85|0x00000000a6d00000, 0x00000000a6d00000, 0x00000000a6e00000|  0%| F|  |TAMS 0x00000000a6d00000, 0x00000000a6d00000| Untracked 
|  86|0x00000000a6e00000, 0x00000000a6e00000, 0x00000000a6f00000|  0%| F|  |TAMS 0x00000000a6e00000, 0x00000000a6e00000| Untracked 
|  87|0x00000000a6f00000, 0x00000000a6f00000, 0x00000000a7000000|  0%| F|  |TAMS 0x00000000a6f00000, 0x00000000a6f00000| Untracked 
|  88|0x00000000a7000000, 0x00000000a7000000, 0x00000000a7100000|  0%| F|  |TAMS 0x00000000a7000000, 0x00000000a7000000| Untracked 
|  89|0x00000000a7100000, 0x00000000a7100000, 0x00000000a7200000|  0%| F|  |TAMS 0x00000000a7100000, 0x00000000a7100000| Untracked 
|  90|0x00000000a7200000, 0x00000000a7200000, 0x00000000a7300000|  0%| F|  |TAMS 0x00000000a7200000, 0x00000000a7200000| Untracked 
|  91|0x00000000a7300000, 0x00000000a7300000, 0x00000000a7400000|  0%| F|  |TAMS 0x00000000a7300000, 0x00000000a7300000| Untracked 
|  92|0x00000000a7400000, 0x00000000a7400000, 0x00000000a7500000|  0%| F|  |TAMS 0x00000000a7400000, 0x00000000a7400000| Untracked 
|  93|0x00000000a7500000, 0x00000000a7500000, 0x00000000a7600000|  0%| F|  |TAMS 0x00000000a7500000, 0x00000000a7500000| Untracked 
|  94|0x00000000a7600000, 0x00000000a7600000, 0x00000000a7700000|  0%| F|  |TAMS 0x00000000a7600000, 0x00000000a7600000| Untracked 
|  95|0x00000000a7700000, 0x00000000a7700000, 0x00000000a7800000|  0%| F|  |TAMS 0x00000000a7700000, 0x00000000a7700000| Untracked 

Card table byte_map: [0x00000271b2850000,0x00000271b2b50000] _byte_map_base: 0x00000271b2344000

Marking Bits (Prev, Next): (CMBitMap*) 0x000002719ae23690, (CMBitMap*) 0x000002719ae23658
 Prev Bits: [0x00000271b45f0000, 0x00000271b5d90000)
 Next Bits: [0x00000271b2e50000, 0x00000271b45f0000)

Polling page: 0x0000027198be0000

Metaspace:

Usage:
  Non-class:     26.14 MB capacity,    25.82 MB ( 99%) used,   287.25 KB (  1%) free+waste,    42.56 KB ( <1%) overhead. 
      Class:      3.26 MB capacity,     3.09 MB ( 95%) used,   151.23 KB (  5%) free+waste,    17.94 KB ( <1%) overhead. 
       Both:     29.40 MB capacity,    28.91 MB ( 98%) used,   438.48 KB (  1%) free+waste,    60.50 KB ( <1%) overhead. 

Virtual space:
  Non-class space:       36.00 MB reserved,      26.17 MB ( 73%) committed 
      Class space:        1.00 GB reserved,       3.38 MB ( <1%) committed 
             Both:        1.04 GB reserved,      29.55 MB (  3%) committed 

Chunk freelists:
   Non-Class:  31.00 KB
       Class:  22.00 KB
        Both:  53.00 KB

MaxMetaspaceSize: 17179869184.00 GB
CompressedClassSpaceSize: 1.00 GB
Initial GC threshold: 20.80 MB
Current GC threshold: 35.08 MB
CDS: off

CodeHeap 'non-profiled nmethods': size=120064Kb used=1862Kb max_used=1862Kb free=118201Kb
 bounds [0x00000271ab010000, 0x00000271ab280000, 0x00000271b2550000]
CodeHeap 'profiled nmethods': size=120000Kb used=7912Kb max_used=7912Kb free=112087Kb
 bounds [0x00000271a3ae0000, 0x00000271a42a0000, 0x00000271ab010000]
CodeHeap 'non-nmethods': size=5696Kb used=1189Kb max_used=1200Kb free=4506Kb
 bounds [0x00000271a3550000, 0x00000271a37c0000, 0x00000271a3ae0000]
 total_blobs=4255 nmethods=3802 adapters=365
 compilation: enabled
              stopped_count=0, restarted_count=0
 full_count=0

Compilation events (20 events):
Event: 6.431 Thread 0x00000271b828a000 3764       3       jdk.internal.org.objectweb.asm.MethodWriter::visitCode (1 bytes)
Event: 6.431 Thread 0x00000271b828a000 nmethod 3764 0x00000271a4283b90 code [0x00000271a4283d40, 0x00000271a4283e38]
Event: 6.431 Thread 0x00000271b828a000 3765       3       java.lang.invoke.LambdaForm$BasicType::basicTypeSlots (8 bytes)
Event: 6.431 Thread 0x00000271b828a000 nmethod 3765 0x00000271a4283f10 code [0x00000271a42840c0, 0x00000271a4284238]
Event: 6.431 Thread 0x00000271b828a000 3767       3       java.lang.invoke.AbstractValidatingLambdaMetafactory::isAdaptableTo (126 bytes)
Event: 6.432 Thread 0x00000271b828a000 nmethod 3767 0x00000271a4284310 code [0x00000271a42845a0, 0x00000271a4284f48]
Event: 6.432 Thread 0x00000271b828a000 3766       3       java.lang.invoke.MethodHandles$Lookup::checkSecurityManager (104 bytes)
Event: 6.434 Thread 0x00000271b828a000 nmethod 3766 0x00000271a4285310 code [0x00000271a4285600, 0x00000271a42864c8]
Event: 6.435 Thread 0x00000271b828a000 3768       3       com.sun.tools.javac.util.Context::uncheckedCast (2 bytes)
Event: 6.435 Thread 0x00000271b828a000 nmethod 3768 0x00000271a4286990 code [0x00000271a4286b40, 0x00000271a4286c18]
Event: 6.442 Thread 0x00000271b828a000 3769       3       com.sun.tools.javac.util.Context::get (82 bytes)
Event: 6.444 Thread 0x00000271b828a000 nmethod 3769 0x00000271a4286c90 code [0x00000271a4286f60, 0x00000271a4287dd8]
Event: 6.452 Thread 0x00000271b828a000 3771       1       java.util.concurrent.CopyOnWriteArrayList::getArray (5 bytes)
Event: 6.453 Thread 0x00000271b828a000 nmethod 3771 0x00000271ab1de910 code [0x00000271ab1deac0, 0x00000271ab1deb78]
Event: 6.453 Thread 0x00000271b828a000 3772       3       jdk.internal.loader.BuiltinClassLoader::findLoadedModule (33 bytes)
Event: 6.454 Thread 0x00000271b828a000 nmethod 3772 0x00000271a4288310 code [0x00000271a4288540, 0x00000271a4288b58]
Event: 6.459 Thread 0x00000271b828a000 3773       3       jdk.internal.reflect.NativeConstructorAccessorImpl::<init> (10 bytes)
Event: 6.460 Thread 0x00000271b828a000 nmethod 3773 0x00000271a4288d90 code [0x00000271a4288f60, 0x00000271a42891d8]
Event: 6.460 Thread 0x00000271b828a000 3774       3       jdk.internal.reflect.DelegatingConstructorAccessorImpl::<init> (10 bytes)
Event: 6.460 Thread 0x00000271b828a000 nmethod 3774 0x00000271a4289310 code [0x00000271a42894e0, 0x00000271a4289778]

GC Heap History (10 events):
Event: 1.331 GC heap before
{Heap before GC invocations=0 (full 0):
 garbage-first heap   total 98304K, used 13312K [0x00000000a1800000, 0x0000000100000000)
  region size 1024K, 14 young (14336K), 0 survivors (0K)
 Metaspace       used 11528K, capacity 11776K, committed 11904K, reserved 1060864K
  class space    used 1062K, capacity 1139K, committed 1152K, reserved 1048576K
}
Event: 1.339 GC heap after
{Heap after GC invocations=1 (full 0):
 garbage-first heap   total 98304K, used 3415K [0x00000000a1800000, 0x0000000100000000)
  region size 1024K, 2 young (2048K), 2 survivors (2048K)
 Metaspace       used 11528K, capacity 11776K, committed 11904K, reserved 1060864K
  class space    used 1062K, capacity 1139K, committed 1152K, reserved 1048576K
}
Event: 1.662 GC heap before
{Heap before GC invocations=1 (full 0):
 garbage-first heap   total 98304K, used 11607K [0x00000000a1800000, 0x0000000100000000)
  region size 1024K, 10 young (10240K), 2 survivors (2048K)
 Metaspace       used 13591K, capacity 13868K, committed 14080K, reserved 1062912K
  class space    used 1338K, capacity 1431K, committed 1536K, reserved 1048576K
}
Event: 1.671 GC heap after
{Heap after GC invocations=2 (full 0):
 garbage-first heap   total 98304K, used 4085K [0x00000000a1800000, 0x0000000100000000)
  region size 1024K, 1 young (1024K), 1 survivors (1024K)
 Metaspace       used 13591K, capacity 13868K, committed 14080K, reserved 1062912K
  class space    used 1338K, capacity 1431K, committed 1536K, reserved 1048576K
}
Event: 2.508 GC heap before
{Heap before GC invocations=2 (full 0):
 garbage-first heap   total 98304K, used 27637K [0x00000000a1800000, 0x0000000100000000)
  region size 1024K, 25 young (25600K), 1 survivors (1024K)
 Metaspace       used 15923K, capacity 16153K, committed 16384K, reserved 1064960K
  class space    used 1627K, capacity 1696K, committed 1792K, reserved 1048576K
}
Event: 2.513 GC heap after
{Heap after GC invocations=3 (full 0):
 garbage-first heap   total 98304K, used 4748K [0x00000000a1800000, 0x0000000100000000)
  region size 1024K, 2 young (2048K), 2 survivors (2048K)
 Metaspace       used 15923K, capacity 16153K, committed 16384K, reserved 1064960K
  class space    used 1627K, capacity 1696K, committed 1792K, reserved 1048576K
}
Event: 3.587 GC heap before
{Heap before GC invocations=3 (full 0):
 garbage-first heap   total 98304K, used 32396K [0x00000000a1800000, 0x0000000100000000)
  region size 1024K, 30 young (30720K), 2 survivors (2048K)
 Metaspace       used 20764K, capacity 21083K, committed 21296K, reserved 1069056K
  class space    used 2195K, capacity 2326K, committed 2432K, reserved 1048576K
}
Event: 3.604 GC heap after
{Heap after GC invocations=4 (full 0):
 garbage-first heap   total 98304K, used 6517K [0x00000000a1800000, 0x0000000100000000)
  region size 1024K, 3 young (3072K), 3 survivors (3072K)
 Metaspace       used 20764K, capacity 21083K, committed 21296K, reserved 1069056K
  class space    used 2195K, capacity 2326K, committed 2432K, reserved 1048576K
}
Event: 5.720 GC heap before
{Heap before GC invocations=5 (full 0):
 garbage-first heap   total 98304K, used 60789K [0x00000000a1800000, 0x0000000100000000)
  region size 1024K, 56 young (57344K), 3 survivors (3072K)
 Metaspace       used 22715K, capacity 23199K, committed 23472K, reserved 1071104K
  class space    used 2335K, capacity 2474K, committed 2560K, reserved 1048576K
}
Event: 5.740 GC heap after
{Heap after GC invocations=6 (full 0):
 garbage-first heap   total 98304K, used 9334K [0x00000000a1800000, 0x0000000100000000)
  region size 1024K, 6 young (6144K), 6 survivors (6144K)
 Metaspace       used 22715K, capacity 23199K, committed 23472K, reserved 1071104K
  class space    used 2335K, capacity 2474K, committed 2560K, reserved 1048576K
}

Deoptimization events (20 events):
Event: 6.178 Thread 0x000002719adef000 Uncommon trap: trap_request=0xffffffc6 fr.pc=0x00000271ab06a534 relative=0x0000000000001194
Event: 6.178 Thread 0x000002719adef000 Uncommon trap: reason=bimorphic_or_optimized_type_check action=maybe_recompile pc=0x00000271ab06a534 method=java.util.HashMap.putVal(ILjava/lang/Object;Ljava/lang/Object;ZZ)Ljava/lang/Object; @ 152 c2
Event: 6.178 Thread 0x000002719adef000 DEOPT PACKING pc=0x00000271ab06a534 sp=0x000000e768ef88e0
Event: 6.178 Thread 0x000002719adef000 DEOPT UNPACKING pc=0x00000271a359a1af sp=0x000000e768ef8808 mode 2
Event: 6.308 Thread 0x000002719adef000 Uncommon trap: trap_request=0xffffffbe fr.pc=0x00000271ab1d9894 relative=0x0000000000000b14
Event: 6.308 Thread 0x000002719adef000 Uncommon trap: reason=profile_predicate action=maybe_recompile pc=0x00000271ab1d9894 method=jdk.internal.jimage.ImageStringsReader.charsFromByteBuffer([CLjava/nio/ByteBuffer;)V @ 6 c2
Event: 6.308 Thread 0x000002719adef000 DEOPT PACKING pc=0x00000271ab1d9894 sp=0x000000e768efa690
Event: 6.308 Thread 0x000002719adef000 DEOPT UNPACKING pc=0x00000271a359a1af sp=0x000000e768efa568 mode 2
Event: 6.308 Thread 0x000002719adef000 Uncommon trap: trap_request=0xffffffbe fr.pc=0x00000271ab1d9894 relative=0x0000000000000b14
Event: 6.308 Thread 0x000002719adef000 Uncommon trap: reason=profile_predicate action=maybe_recompile pc=0x00000271ab1d9894 method=jdk.internal.jimage.ImageStringsReader.charsFromByteBuffer([CLjava/nio/ByteBuffer;)V @ 6 c2
Event: 6.308 Thread 0x000002719adef000 DEOPT PACKING pc=0x00000271ab1d9894 sp=0x000000e768efa580
Event: 6.308 Thread 0x000002719adef000 DEOPT UNPACKING pc=0x00000271a359a1af sp=0x000000e768efa458 mode 2
Event: 6.308 Thread 0x000002719adef000 Uncommon trap: trap_request=0xffffffbe fr.pc=0x00000271ab1d9894 relative=0x0000000000000b14
Event: 6.308 Thread 0x000002719adef000 Uncommon trap: reason=profile_predicate action=maybe_recompile pc=0x00000271ab1d9894 method=jdk.internal.jimage.ImageStringsReader.charsFromByteBuffer([CLjava/nio/ByteBuffer;)V @ 6 c2
Event: 6.308 Thread 0x000002719adef000 DEOPT PACKING pc=0x00000271ab1d9894 sp=0x000000e768efa580
Event: 6.308 Thread 0x000002719adef000 DEOPT UNPACKING pc=0x00000271a359a1af sp=0x000000e768efa458 mode 2
Event: 6.308 Thread 0x000002719adef000 Uncommon trap: trap_request=0xffffffbe fr.pc=0x00000271ab1d9894 relative=0x0000000000000b14
Event: 6.308 Thread 0x000002719adef000 Uncommon trap: reason=profile_predicate action=maybe_recompile pc=0x00000271ab1d9894 method=jdk.internal.jimage.ImageStringsReader.charsFromByteBuffer([CLjava/nio/ByteBuffer;)V @ 6 c2
Event: 6.308 Thread 0x000002719adef000 DEOPT PACKING pc=0x00000271ab1d9894 sp=0x000000e768efa580
Event: 6.308 Thread 0x000002719adef000 DEOPT UNPACKING pc=0x00000271a359a1af sp=0x000000e768efa458 mode 2

Classes redefined (0 events):
No events

Internal exceptions (20 events):
Event: 0.310 Thread 0x000002719adef000 Exception <a 'java/security/PrivilegedActionException'{0x00000000a76cda70}> (0x00000000a76cda70) thrown at [./src/hotspot/share/prims/jvm.cpp, line 1306]
Event: 0.480 Thread 0x000002719adef000 Exception <a 'java/lang/NoSuchMethodError'{0x00000000a735dce0}: 'int java.lang.invoke.DirectMethodHandle$Holder.invokeSpecialIFC(java.lang.Object, java.lang.Object, int)'> (0x00000000a735dce0) thrown at [./src/hotspot/share/interpreter/linkResolver.cpp, line 773]
Event: 0.549 Thread 0x000002719adef000 Exception <a 'java/lang/NoSuchMethodError'{0x00000000a7270438}: 'java.lang.Object java.lang.invoke.DirectMethodHandle$Holder.invokeStaticInit(java.lang.Object, int, int, int, int)'> (0x00000000a7270438) thrown at [./src/hotspot/share/interpreter/linkResolver.cpp, line 773]
Event: 0.775 Thread 0x000002719adef000 Exception <a 'java/lang/NoSuchMethodError'{0x00000000a72c74d8}: 'java.lang.Object java.lang.invoke.DirectMethodHandle$Holder.invokeStaticInit(java.lang.Object, java.lang.Object, int, int, int, int)'> (0x00000000a72c74d8) thrown at [./src/hotspot/share/interpreter/linkResolver.cpp, line 773]
Event: 3.060 Thread 0x000002719adef000 Exception <a 'java/lang/NoClassDefFoundError'{0x00000000a666ce48}: com/google/inject/servlet/ServletModuleTargetVisitor> (0x00000000a666ce48) thrown at [./src/hotspot/share/classfile/systemDictionary.cpp, line 219]
Event: 3.060 Thread 0x000002719adef000 Exception <a 'java/lang/NoClassDefFoundError'{0x00000000a666ce48}> (0x00000000a666ce48) thrown at [./src/hotspot/share/prims/jvm.cpp, line 1310]
Event: 3.060 Thread 0x000002719adef000 Exception <a 'java/lang/NoClassDefFoundError'{0x00000000a666ff70}: javax/annotation/Priority> (0x00000000a666ff70) thrown at [./src/hotspot/share/classfile/systemDictionary.cpp, line 219]
Event: 4.108 Thread 0x000002719adef000 Implicit null exception at 0x00000271ab0bfbf5 to 0x00000271ab0bfda4
Event: 4.111 Thread 0x000002719adef000 Implicit null exception at 0x00000271ab01d3af to 0x00000271ab01d41d
Event: 6.191 Thread 0x000002719adef000 Exception <a 'sun/nio/fs/WindowsException'{0x00000000a6de91f8}> (0x00000000a6de91f8) thrown at [./src/hotspot/share/prims/jni.cpp, line 617]
Event: 6.191 Thread 0x000002719adef000 Exception <a 'sun/nio/fs/WindowsException'{0x00000000a6de9e70}> (0x00000000a6de9e70) thrown at [./src/hotspot/share/prims/jni.cpp, line 617]
Event: 6.192 Thread 0x000002719adef000 Exception <a 'sun/nio/fs/WindowsException'{0x00000000a6debd00}> (0x00000000a6debd00) thrown at [./src/hotspot/share/prims/jni.cpp, line 617]
Event: 6.206 Thread 0x000002719adef000 Exception <a 'sun/nio/fs/WindowsException'{0x00000000a6c1c190}> (0x00000000a6c1c190) thrown at [./src/hotspot/share/prims/jni.cpp, line 617]
Event: 6.206 Thread 0x000002719adef000 Exception <a 'sun/nio/fs/WindowsException'{0x00000000a6c1c410}> (0x00000000a6c1c410) thrown at [./src/hotspot/share/prims/jni.cpp, line 617]
Event: 6.207 Thread 0x000002719adef000 Exception <a 'java/lang/NoSuchMethodError'{0x00000000a6c24140}: 'int java.lang.invoke.DirectMethodHandle$Holder.invokeVirtual(java.lang.Object, java.lang.Object, java.lang.Object)'> (0x00000000a6c24140) thrown at [./src/hotspot/share/interpreter/linkResolver.cpp, line 773]
Event: 6.304 Thread 0x000002719adef000 Exception <a 'java/lang/NoSuchMethodError'{0x00000000a6b3bd28}: 'int java.lang.invoke.DirectMethodHandle$Holder.invokeStaticInit(java.lang.Object, java.lang.Object)'> (0x00000000a6b3bd28) thrown at [./src/hotspot/share/interpreter/linkResolver.cpp, line 773]
Event: 6.416 Thread 0x000002719adef000 Exception <a 'java/lang/NoSuchMethodError'{0x00000000a6a05588}: 'int java.lang.invoke.DirectMethodHandle$Holder.invokeVirtual(java.lang.Object, java.lang.Object)'> (0x00000000a6a05588) thrown at [./src/hotspot/share/interpreter/linkResolver.cpp, line 773]
Event: 6.428 Thread 0x000002719adef000 Exception <a 'java/lang/NoSuchMethodError'{0x00000000a6a33c70}: 'java.lang.Object java.lang.invoke.Invokers$Holder.linkToTargetMethod(java.lang.Object, java.lang.Object, java.lang.Object, java.lang.Object, java.lang.Object, java.lang.Object)'> (0x00000000a6a33c70) thrown at [./src/hotspot/share/interpreter/linkResolver.cpp, line 773]
Event: 6.451 Thread 0x000002719adef000 Exception <a 'sun/nio/fs/WindowsException'{0x00000000a6a5cae8}> (0x00000000a6a5cae8) thrown at [./src/hotspot/share/prims/jni.cpp, line 617]
Event: 6.451 Thread 0x000002719adef000 Exception <a 'sun/nio/fs/WindowsException'{0x00000000a6a5cdb8}> (0x00000000a6a5cdb8) thrown at [./src/hotspot/share/prims/jni.cpp, line 617]

Events (20 events):
Event: 6.460 loading class jdk/internal/jimage/ImageBufferCache$1
Event: 6.460 loading class jdk/internal/jimage/ImageBufferCache$1 done
Event: 6.460 loading class jdk/internal/jimage/ImageBufferCache$2
Event: 6.461 loading class jdk/internal/jimage/ImageBufferCache$2 done
Event: 6.461 loading class jdk/internal/jimage/ImageBufferCache$BufferReference
Event: 6.461 loading class jdk/internal/jimage/ImageBufferCache$BufferReference done
Event: 6.461 loading class jdk/internal/jrtfs/JrtFileSystem
Event: 6.461 loading class jdk/internal/jrtfs/JrtFileSystem done
Event: 6.462 loading class jdk/internal/jrtfs/JrtPath
Event: 6.462 loading class jdk/internal/jrtfs/JrtPath done
Event: 6.462 loading class jdk/internal/jrtfs/SystemImage
Event: 6.462 loading class jdk/internal/jrtfs/SystemImage done
Event: 6.463 loading class jdk/internal/jrtfs/SystemImage$2
Event: 6.463 loading class jdk/internal/jrtfs/SystemImage$2 done
Event: 6.463 loading class jdk/internal/jimage/ImageReader$Directory
Event: 6.463 loading class jdk/internal/jimage/ImageReader$Node
Event: 6.464 loading class jdk/internal/jimage/ImageReader$Node done
Event: 6.464 loading class jdk/internal/jimage/ImageReader$Directory done
Event: 6.464 loading class jdk/internal/jrtfs/SystemImage$1
Event: 6.464 loading class jdk/internal/jrtfs/SystemImage$1 done


Dynamic libraries:
0x00007ff6e6640000 - 0x00007ff6e664d000 	C:\Program Files\Eclipse Adoptium\jdk-11.0.16.8-hotspot\bin\java.exe
0x00007ffa38370000 - 0x00007ffa38568000 	C:\WINDOWS\SYSTEM32\ntdll.dll
0x00007ffa371f0000 - 0x00007ffa372ad000 	C:\WINDOWS\System32\KERNEL32.DLL
0x00007ffa36000000 - 0x00007ffa362d2000 	C:\WINDOWS\System32\KERNELBASE.dll
0x00007ffa35c10000 - 0x00007ffa35d10000 	C:\WINDOWS\System32\ucrtbase.dll
0x00007ffa23160000 - 0x00007ffa23175000 	C:\Program Files\Eclipse Adoptium\jdk-11.0.16.8-hotspot\bin\VCRUNTIME140.dll
0x00007ffa2efe0000 - 0x00007ffa2eff7000 	C:\Program Files\Eclipse Adoptium\jdk-11.0.16.8-hotspot\bin\jli.dll
0x00007ffa37350000 - 0x00007ffa374ed000 	C:\WINDOWS\System32\USER32.dll
0x00007ffa35a80000 - 0x00007ffa35aa2000 	C:\WINDOWS\System32\win32u.dll
0x00007ffa36ff0000 - 0x00007ffa3701b000 	C:\WINDOWS\System32\GDI32.dll
0x00007ffa35d10000 - 0x00007ffa35e1f000 	C:\WINDOWS\System32\gdi32full.dll
0x00007ffa35f60000 - 0x00007ffa35ffd000 	C:\WINDOWS\System32\msvcp_win.dll
0x00007ffa25ad0000 - 0x00007ffa25d6a000 	C:\WINDOWS\WinSxS\amd64_microsoft.windows.common-controls_6595b64144ccf1df_6.0.19041.1110_none_60b5254171f9507e\COMCTL32.dll
0x00007ffa37080000 - 0x00007ffa3711e000 	C:\WINDOWS\System32\msvcrt.dll
0x00007ffa37fc0000 - 0x00007ffa37ff0000 	C:\WINDOWS\System32\IMM32.DLL
0x00007ffa21080000 - 0x00007ffa2111b000 	C:\Program Files\Eclipse Adoptium\jdk-11.0.16.8-hotspot\bin\msvcp140.dll
0x00007ff9fafa0000 - 0x00007ff9fbb22000 	C:\Program Files\Eclipse Adoptium\jdk-11.0.16.8-hotspot\bin\server\jvm.dll
0x00007ffa363d0000 - 0x00007ffa3647e000 	C:\WINDOWS\System32\ADVAPI32.dll
0x00007ffa372b0000 - 0x00007ffa3734c000 	C:\WINDOWS\System32\sechost.dll
0x00007ffa38130000 - 0x00007ffa38255000 	C:\WINDOWS\System32\RPCRT4.dll
0x00007ffa37120000 - 0x00007ffa37128000 	C:\WINDOWS\System32\PSAPI.DLL
0x00007ffa30df0000 - 0x00007ffa30df9000 	C:\WINDOWS\SYSTEM32\WSOCK32.dll
0x00007ffa37e10000 - 0x00007ffa37e7b000 	C:\WINDOWS\System32\WS2_32.dll
0x00007ffa2b430000 - 0x00007ffa2b457000 	C:\WINDOWS\SYSTEM32\WINMM.dll
0x00007ffa2cc00000 - 0x00007ffa2cc0a000 	C:\WINDOWS\SYSTEM32\VERSION.dll
0x00007ffa342d0000 - 0x00007ffa342e2000 	C:\WINDOWS\SYSTEM32\kernel.appcore.dll
0x00007ffa23150000 - 0x00007ffa23160000 	C:\Program Files\Eclipse Adoptium\jdk-11.0.16.8-hotspot\bin\verify.dll
0x00007ffa33ff0000 - 0x00007ffa341d4000 	C:\WINDOWS\SYSTEM32\DBGHELP.DLL
0x00007ffa22560000 - 0x00007ffa2258c000 	C:\WINDOWS\SYSTEM32\dbgcore.DLL
0x00007ffa35e20000 - 0x00007ffa35ea2000 	C:\WINDOWS\System32\bcryptPrimitives.dll
0x00007ffa21050000 - 0x00007ffa21078000 	C:\Program Files\Eclipse Adoptium\jdk-11.0.16.8-hotspot\bin\java.dll
0x00007ffa21040000 - 0x00007ffa2104a000 	C:\Program Files\Eclipse Adoptium\jdk-11.0.16.8-hotspot\bin\jimage.dll
0x00007ffa305c0000 - 0x00007ffa305ce000 	C:\Program Files\Eclipse Adoptium\jdk-11.0.16.8-hotspot\bin\instrument.dll
0x00007ffa21020000 - 0x00007ffa21038000 	C:\Program Files\Eclipse Adoptium\jdk-11.0.16.8-hotspot\bin\zip.dll
0x00007ffa36490000 - 0x00007ffa36bd3000 	C:\WINDOWS\System32\SHELL32.dll
0x00007ffa33840000 - 0x00007ffa33fd1000 	C:\WINDOWS\SYSTEM32\windows.storage.dll
0x00007ffa36be0000 - 0x00007ffa36f34000 	C:\WINDOWS\System32\combase.dll
0x00007ffa354e0000 - 0x00007ffa35510000 	C:\WINDOWS\SYSTEM32\Wldp.dll
0x00007ffa37f10000 - 0x00007ffa37fbd000 	C:\WINDOWS\System32\SHCORE.dll
0x00007ffa37130000 - 0x00007ffa37185000 	C:\WINDOWS\System32\shlwapi.dll
0x00007ffa359c0000 - 0x00007ffa359df000 	C:\WINDOWS\SYSTEM32\profapi.dll
0x00007ffa20e60000 - 0x00007ffa20e79000 	C:\Program Files\Eclipse Adoptium\jdk-11.0.16.8-hotspot\bin\net.dll
0x00007ffa28130000 - 0x00007ffa2823d000 	C:\WINDOWS\SYSTEM32\WINHTTP.dll
0x00007ffa35240000 - 0x00007ffa352aa000 	C:\WINDOWS\system32\mswsock.dll
0x00007ffa20e40000 - 0x00007ffa20e53000 	C:\Program Files\Eclipse Adoptium\jdk-11.0.16.8-hotspot\bin\nio.dll
0x00007ffa2f210000 - 0x00007ffa2f22a000 	C:\Program Files\JetBrains\IntelliJ IDEA Community Edition 2022.2.1\bin\breakgen64.dll
0x00007ffa35440000 - 0x00007ffa35458000 	C:\WINDOWS\SYSTEM32\CRYPTSP.dll
0x00007ffa34af0000 - 0x00007ffa34b24000 	C:\WINDOWS\system32\rsaenh.dll
0x00007ffa36330000 - 0x00007ffa36357000 	C:\WINDOWS\System32\bcrypt.dll
0x00007ffa35940000 - 0x00007ffa3596e000 	C:\WINDOWS\SYSTEM32\USERENV.dll
0x00007ffa35430000 - 0x00007ffa3543c000 	C:\WINDOWS\SYSTEM32\CRYPTBASE.dll
0x00007ffa34ee0000 - 0x00007ffa34f1b000 	C:\WINDOWS\SYSTEM32\IPHLPAPI.DLL
0x00007ffa36480000 - 0x00007ffa36488000 	C:\WINDOWS\System32\NSI.dll
0x00007ffa2d0c0000 - 0x00007ffa2d0d7000 	C:\WINDOWS\SYSTEM32\dhcpcsvc6.DLL
0x00007ffa2e370000 - 0x00007ffa2e38d000 	C:\WINDOWS\SYSTEM32\dhcpcsvc.DLL
0x00007ffa34f20000 - 0x00007ffa34fea000 	C:\WINDOWS\SYSTEM32\DNSAPI.dll
0x00007ffa2f200000 - 0x00007ffa2f20a000 	C:\Users\\AppData\Local\Temp\jansi-1.17.1-15647749987177041188.dll
0x00007ffa2f1f0000 - 0x00007ffa2f1fa000 	C:\Users\\AppData\Local\Temp\jansi-1.17.1-5590480093005636947.dll

dbghelp: loaded successfully - version: 4.0.5 - missing functions: none
symbol engine: initialized successfully - sym options: 0x614 - pdb path: .;C:\Program Files\Eclipse Adoptium\jdk-11.0.16.8-hotspot\bin;C:\WINDOWS\SYSTEM32;C:\WINDOWS\WinSxS\amd64_microsoft.windows.common-controls_6595b64144ccf1df_6.0.19041.1110_none_60b5254171f9507e;C:\Program Files\Eclipse Adoptium\jdk-11.0.16.8-hotspot\bin\server;C:\Program Files\JetBrains\IntelliJ IDEA Community Edition 2022.2.1\bin;C:\Users\\AppData\Local\Temp

VM Arguments:
jvm_args: -Dmaven.multiModuleProjectDirectory=D:\IdeaProjects\string massive -Dmaven.home=C:\Program Files\JetBrains\IntelliJ IDEA Community Edition 2022.2.1\plugins\maven\lib\maven3 -Dclassworlds.conf=C:\Program Files\JetBrains\IntelliJ IDEA Community Edition 2022.2.1\plugins\maven\lib\maven3\bin\m2.conf -Dmaven.ext.class.path=C:\Program Files\JetBrains\IntelliJ IDEA Community Edition 2022.2.1\plugins\maven\lib\maven-event-listener.jar -javaagent:C:\Program Files\JetBrains\IntelliJ IDEA Community Edition 2022.2.1\lib\idea_rt.jar=57043:C:\Program Files\JetBrains\IntelliJ IDEA Community Edition 2022.2.1\bin -Dfile.encoding=UTF-8 
java_command: org.codehaus.classworlds.Launcher -Didea.version=2022.2.1 clean test
java_class_path (initial): C:\Program Files\JetBrains\IntelliJ IDEA Community Edition 2022.2.1\plugins\maven\lib\maven3\boot\plexus-classworlds-2.6.0.jar;C:\Program Files\JetBrains\IntelliJ IDEA Community Edition 2022.2.1\plugins\maven\lib\maven3\boot\plexus-classworlds.license
Launcher Type: SUN_STANDARD

[Global flags]
     intx CICompilerCount                          = 3                                         {product} {ergonomic}
     uint ConcGCThreads                            = 1                                         {product} {ergonomic}
     uint G1ConcRefinementThreads                  = 4                                         {product} {ergonomic}
   size_t G1HeapRegionSize                         = 1048576                                   {product} {ergonomic}
    uintx GCDrainStackTargetSize                   = 64                                        {product} {ergonomic}
   size_t InitialHeapSize                          = 100663296                                 {product} {ergonomic}
   size_t MarkStackSize                            = 4194304                                   {product} {ergonomic}
   size_t MaxHeapSize                              = 1585446912                                {product} {ergonomic}
   size_t MaxNewSize                               = 951058432                                 {product} {ergonomic}
   size_t MinHeapDeltaBytes                        = 1048576                                   {product} {ergonomic}
    uintx NonNMethodCodeHeapSize                   = 5830732                                {pd product} {ergonomic}
    uintx NonProfiledCodeHeapSize                  = 122913754                              {pd product} {ergonomic}
    uintx ProfiledCodeHeapSize                     = 122913754                              {pd product} {ergonomic}
    uintx ReservedCodeCacheSize                    = 251658240                              {pd product} {ergonomic}
     bool SegmentedCodeCache                       = true                                      {product} {ergonomic}
     bool UseCompressedClassPointers               = true                                 {lp64_product} {ergonomic}
     bool UseCompressedOops                        = true                                 {lp64_product} {ergonomic}
     bool UseG1GC                                  = true                                      {product} {ergonomic}
     bool UseLargePagesIndividualAllocation        = false                                  {pd product} {ergonomic}

Logging:
Log output configuration:
 #0: stdout all=warning uptime,level,tags
 #1: stderr all=off uptime,level,tags

Environment Variables:
PATH=C:\Program Files\Eclipse Adoptium\jdk-11.0.16.8-hotspot\bin;C:\WINDOWS\system32;C:\WINDOWS;C:\WINDOWS\System32\Wbem;C:\WINDOWS\System32\WindowsPowerShell\v1.0\;C:\WINDOWS\System32\OpenSSH\;C:\Program Files\Git\cmd;C:\Users\\AppData\Local\Microsoft\WindowsApps;;D:\Microsoft VS Code\bin
USERNAME=
OS=Windows_NT
PROCESSOR_IDENTIFIER=Intel64 Family 6 Model 61 Stepping 4, GenuineIntel
TMP=C:\Users\\AppData\Local\Temp
TEMP=C:\Users\\AppData\Local\Temp



---------------  S Y S T E M  ---------------

OS: Windows 10 , 64 bit Build 19041 (10.0.19041.1889)
OS uptime: 0 days 1:28 hours

CPU:total 4 (initial active 4) (2 cores per cpu, 2 threads per core) family 6 model 61 stepping 4 microcode 0x2d, cmov, cx8, fxsr, mmx, sse, sse2, sse3, ssse3, sse4.1, sse4.2, popcnt, avx, avx2, aes, clmul, erms, 3dnowpref, lzcnt, ht, tsc, tscinvbit, bmi1, bmi2, adx, fma

Memory: 4k page, system-wide physical 6043M (1289M free)
TotalPageFile size 6043M (AvailPageFile size 5M)
current process WorkingSet (physical memory assigned to process): 169M, peak: 169M
current process commit charge ("private bytes"): 223M, peak: 243M

vm_info: OpenJDK 64-Bit Server VM (11.0.16+8) for windows-amd64 JRE (11.0.16+8), built on Jul 20 2022 07:15:32 by "" with MS VC++ 15.9 (VS2017)

END.
